<?xml version="1.0" encoding="UTF-8"?>
<!-- Generated by org.testng.reporters.JUnitXMLReporter -->
<testsuite hostname="pranga-0000039.attlocal.net" name="Test" tests="4" failures="0" timestamp="16 Mar 2017 06:05:59 GMT" time="399.352" errors="0">
  <testcase name="logintoIA" time="7.914" classname="com.pluribus.vcf.test.IATest"/>
  <testcase name="addCollectorTest" time="109.026" classname="com.pluribus.vcf.test.IATest"/>
  <testcase name="simpleTrafficTest" time="162.081" classname="com.pluribus.vcf.test.IATest"/>
  <testcase name="logout" time="2.057" classname="com.pluribus.vcf.test.IATest"/>
</testsuite> <!-- Test -->
