<?xml version="1.0" encoding="UTF-8"?>
<testng-results skipped="0" failed="0" total="4" passed="4">
  <reporter-output>
  </reporter-output>
  <suite name="Suite" duration-ms="399352" started-at="2017-03-16T05:59:19Z" finished-at="2017-03-16T06:05:59Z">
    <groups>
      <group name="regression">
        <method signature="IATest.addCollectorTest(java.lang.String)[pri:0, instance:com.pluribus.vcf.test.IATest@51081592]" name="addCollectorTest" class="com.pluribus.vcf.test.IATest"/>
        <method signature="IATest.simpleTrafficTest(java.lang.String, java.lang.String, int, int)[pri:0, instance:com.pluribus.vcf.test.IATest@51081592]" name="simpleTrafficTest" class="com.pluribus.vcf.test.IATest"/>
        <method signature="IATest.logout()[pri:0, instance:com.pluribus.vcf.test.IATest@51081592]" name="logout" class="com.pluribus.vcf.test.IATest"/>
      </group> <!-- regression -->
      <group name="smoke">
        <method signature="IATest.addCollectorTest(java.lang.String)[pri:0, instance:com.pluribus.vcf.test.IATest@51081592]" name="addCollectorTest" class="com.pluribus.vcf.test.IATest"/>
        <method signature="IATest.simpleTrafficTest(java.lang.String, java.lang.String, int, int)[pri:0, instance:com.pluribus.vcf.test.IATest@51081592]" name="simpleTrafficTest" class="com.pluribus.vcf.test.IATest"/>
        <method signature="IATest.logout()[pri:0, instance:com.pluribus.vcf.test.IATest@51081592]" name="logout" class="com.pluribus.vcf.test.IATest"/>
      </group> <!-- smoke -->
    </groups>
    <test name="Test" duration-ms="399352" started-at="2017-03-16T05:59:19Z" finished-at="2017-03-16T06:05:59Z">
      <class name="com.pluribus.vcf.test.IATest">
        <test-method status="PASS" signature="cleanLogs(java.lang.String, java.lang.String)[pri:0, instance:com.pluribus.vcf.test.IATest@51081592]" name="cleanLogs" is-config="true" duration-ms="10" started-at="2017-03-15T22:59:19Z" finished-at="2017-03-15T22:59:19Z">
          <params>
            <param index="0">
              <value>
                <![CDATA[10.9.10.110]]>
              </value>
            </param>
            <param index="1">
              <value>
                <![CDATA[0]]>
              </value>
            </param>
          </params>
          <reporter-output>
          </reporter-output>
        </test-method> <!-- cleanLogs -->
        <test-method status="PASS" signature="startDriver(java.lang.String, java.lang.String, java.lang.String, java.lang.String)[pri:0, instance:com.pluribus.vcf.test.IATest@51081592]" name="startDriver" is-config="true" duration-ms="31536" started-at="2017-03-15T22:59:19Z" finished-at="2017-03-15T22:59:51Z">
          <params>
            <param index="0">
              <value>
                <![CDATA[10.9.10.110]]>
              </value>
            </param>
            <param index="1">
              <value>
                <![CDATA[firefox]]>
              </value>
            </param>
            <param index="2">
              <value>
                <![CDATA[pratikdam1]]>
              </value>
            </param>
            <param index="3">
              <value>
                <![CDATA[uZCXEzKXwgzgzMr3G7R6]]>
              </value>
            </param>
          </params>
          <reporter-output>
          </reporter-output>
        </test-method> <!-- startDriver -->
        <test-method status="PASS" signature="init(java.lang.String, java.lang.String, java.lang.String)[pri:0, instance:com.pluribus.vcf.test.IATest@51081592]" name="init" is-config="true" duration-ms="78897" started-at="2017-03-15T22:59:51Z" finished-at="2017-03-15T23:01:10Z">
          <params>
            <param index="0">
              <value>
                <![CDATA[10.9.8.129]]>
              </value>
            </param>
            <param index="1">
              <value>
                <![CDATA[10.9.8.97]]>
              </value>
            </param>
            <param index="2">
              <value>
                <![CDATA[10.9.97.152]]>
              </value>
            </param>
          </params>
          <reporter-output>
          </reporter-output>
        </test-method> <!-- init -->
        <test-method status="PASS" signature="logintoIA(java.lang.String)[pri:0, instance:com.pluribus.vcf.test.IATest@51081592]" name="logintoIA" duration-ms="7914" started-at="2017-03-15T23:01:10Z" finished-at="2017-03-15T23:01:18Z">
          <params>
            <param index="0">
              <value>
                <![CDATA[test123]]>
              </value>
            </param>
          </params>
          <reporter-output>
          </reporter-output>
        </test-method> <!-- logintoIA -->
        <test-method status="PASS" signature="addCollectorTest(java.lang.String)[pri:0, instance:com.pluribus.vcf.test.IATest@51081592]" name="addCollectorTest" duration-ms="109026" started-at="2017-03-15T23:01:18Z" description="Add collector in IA Page" depends-on-methods="com.pluribus.vcf.test.IATest.logintoIA" finished-at="2017-03-15T23:03:07Z">
          <params>
            <param index="0">
              <value>
                <![CDATA[onvl-vcf1]]>
              </value>
            </param>
          </params>
          <reporter-output>
          </reporter-output>
        </test-method> <!-- addCollectorTest -->
        <test-method status="PASS" signature="simpleTrafficTest(java.lang.String, java.lang.String, int, int)[pri:0, instance:com.pluribus.vcf.test.IATest@51081592]" name="simpleTrafficTest" duration-ms="162081" started-at="2017-03-15T23:03:07Z" description="Send traffic and verify stats" depends-on-methods="com.pluribus.vcf.test.IATest.addCollectorTest" finished-at="2017-03-15T23:05:49Z">
          <params>
            <param index="0">
              <value>
                <![CDATA[4.4.4.97]]>
              </value>
            </param>
            <param index="1">
              <value>
                <![CDATA[4.4.4.129]]>
              </value>
            </param>
            <param index="2">
              <value>
                <![CDATA[10]]>
              </value>
            </param>
            <param index="3">
              <value>
                <![CDATA[20]]>
              </value>
            </param>
          </params>
          <reporter-output>
          </reporter-output>
        </test-method> <!-- simpleTrafficTest -->
        <test-method status="PASS" signature="logout()[pri:0, instance:com.pluribus.vcf.test.IATest@51081592]" name="logout" duration-ms="2057" started-at="2017-03-15T23:05:49Z" description="Logout of VCFC" depends-on-methods="com.pluribus.vcf.test.IATest.simpleTrafficTest" finished-at="2017-03-15T23:05:51Z">
          <reporter-output>
          </reporter-output>
        </test-method> <!-- logout -->
        <test-method status="PASS" signature="setupAfterSuite()[pri:0, instance:com.pluribus.vcf.test.IATest@51081592]" name="setupAfterSuite" is-config="true" duration-ms="7831" started-at="2017-03-15T23:05:51Z" finished-at="2017-03-15T23:05:59Z">
          <reporter-output>
          </reporter-output>
        </test-method> <!-- setupAfterSuite -->
      </class> <!-- com.pluribus.vcf.test.IATest -->
    </test> <!-- Test -->
  </suite> <!-- Suite -->
</testng-results>
